<?xml version="1.0" encoding="UTF-8"?>
<!-- Generated by org.testng.reporters.JUnitReportReporter -->
<testsuite hostname="DESKTOP-A1A23U3" failures="0" tests="8" name="SeleniumWebDriver.TestNG2" time="0.248" errors="0" timestamp="2022-08-18T16:55:41 IST" skipped="0">
  <testcase classname="SeleniumWebDriver.TestNG2" name="a" time="0.206"/>
  <system-out/>
  <testcase classname="SeleniumWebDriver.TestNG2" name="b" time="0.006"/>
  <system-out/>
  <testcase classname="SeleniumWebDriver.TestNG2" name="c" time="0.005"/>
  <system-out/>
  <testcase classname="SeleniumWebDriver.TestNG2" name="e" time="0.007"/>
  <system-out/>
  <testcase classname="SeleniumWebDriver.TestNG2" name="f" time="0.015"/>
  <system-out/>
  <testcase classname="SeleniumWebDriver.TestNG2" name="d" time="0.004"/>
  <system-out/>
  <testcase classname="SeleniumWebDriver.TestNG2" name="g" time="0.003"/>
  <system-out/>
  <testcase classname="SeleniumWebDriver.TestNG2" name="h" time="0.002"/>
  <system-out/>
</testsuite> <!-- SeleniumWebDriver.TestNG2 -->
