<?xml version="1.0" encoding="UTF-8"?>
<!-- Generated by org.testng.reporters.JUnitReportReporter -->
<testsuite hostname="DESKTOP-A1A23U3" failures="0" tests="3" name="SeleniumWebDriver.TestNG1" time="0.166" errors="0" timestamp="2022-08-18T16:55:41 IST" skipped="0">
  <testcase classname="SeleniumWebDriver.TestNG1" name="m" time="0.059"/>
  <system-out/>
  <testcase classname="SeleniumWebDriver.TestNG1" name="z" time="0.012"/>
  <system-out/>
  <testcase classname="SeleniumWebDriver.TestNG1" name="a" time="0.095"/>
  <system-out/>
</testsuite> <!-- SeleniumWebDriver.TestNG1 -->
