<?xml version="1.0" encoding="UTF-8"?>
<!-- Generated by org.testng.reporters.JUnitReportReporter -->
<testsuite hostname="DESKTOP-A1A23U3" failures="0" tests="2" name="SeleniumWebDriver.TestNG6" time="15.731" errors="0" timestamp="2022-08-20T11:10:45 IST" skipped="0">
  <testcase classname="SeleniumWebDriver.TestNG6" name="enterCrediential" time="7.269"/>
  <system-out/>
  <testcase classname="SeleniumWebDriver.TestNG6" name="enterCrediential" time="8.462"/>
  <system-out/>
</testsuite> <!-- SeleniumWebDriver.TestNG6 -->
