<?xml version="1.0" encoding="UTF-8"?>
<!-- Generated by org.testng.reporters.JUnitReportReporter -->
<testsuite hostname="DESKTOP-A1A23U3" failures="0" tests="2" name="SeleniumWebDriver.TestNG" time="0.093" errors="0" timestamp="2022-08-18T16:55:41 IST" skipped="0">
  <testcase classname="SeleniumWebDriver.TestNG" name="T" time="0.073"/>
  <system-out/>
  <testcase classname="SeleniumWebDriver.TestNG" name="M" time="0.020"/>
  <system-out/>
</testsuite> <!-- SeleniumWebDriver.TestNG -->
