<?xml version="1.0" encoding="UTF-8"?>
<!-- Generated by org.testng.reporters.JUnitReportReporter -->
<testsuite hostname="DESKTOP-A1A23U3" failures="0" tests="1" name="SeleniumWebDriver.TestNG4" time="0.015" errors="0" timestamp="2022-08-18T16:55:41 IST" skipped="0">
  <testcase classname="SeleniumWebDriver.TestNG4" name="asserationCheck" time="0.015"/>
  <system-out/>
</testsuite> <!-- SeleniumWebDriver.TestNG4 -->
