<?xml version="1.0" encoding="UTF-8"?>
<!-- Generated by org.testng.reporters.JUnitReportReporter -->
<testsuite hostname="DESKTOP-T7QCDAB" failures="0" tests="5" name="datadrivenTesting.ExcelDataTest" time="82.225" errors="0" timestamp="2023-07-21T14:27:27 IST" skipped="0">
  <testcase classname="datadrivenTesting.ExcelDataTest" name="testLogin" time="16.934"/>
  <system-out/>
  <testcase classname="datadrivenTesting.ExcelDataTest" name="testLogin" time="13.565"/>
  <system-out/>
  <testcase classname="datadrivenTesting.ExcelDataTest" name="testLogin" time="14.971"/>
  <system-out/>
  <testcase classname="datadrivenTesting.ExcelDataTest" name="testLogin" time="22.417"/>
  <system-out/>
  <testcase classname="datadrivenTesting.ExcelDataTest" name="testLogin" time="14.338"/>
  <system-out/>
</testsuite> <!-- datadrivenTesting.ExcelDataTest -->
