<?xml version="1.0" encoding="UTF-8"?>
<!-- Generated by org.testng.reporters.JUnitReportReporter -->
<testsuite hostname="DESKTOP-T7QCDAB" failures="0" tests="1" name="asserta.TestNg" time="0.044" errors="0" timestamp="2022-03-15T14:15:24 IST" skipped="0">
  <testcase classname="asserta.TestNg" name="verifyHomepageTitle" time="0.044"/>
  <system-out/>
</testsuite> <!-- asserta.TestNg -->
