<?xml version="1.0" encoding="UTF-8"?>
<!-- Generated by org.testng.reporters.JUnitReportReporter -->
<testsuite hostname="DESKTOP-T7QCDAB" failures="0" tests="4" name="testing.groupGmail" time="62.882" errors="0" timestamp="2022-03-03T15:31:29 IST" skipped="0">
  <testcase classname="testing.groupGmail" name="clickAdv" time="23.543"/>
  <system-out/>
  <testcase classname="testing.groupGmail" name="clickAbout" time="20.866"/>
  <system-out/>
  <testcase classname="testing.groupGmail" name="clickBussiness" time="12.051"/>
  <system-out/>
  <testcase classname="testing.groupGmail" name="clickGmail" time="6.422"/>
  <system-out/>
</testsuite> <!-- testing.groupGmail -->
