<?xml version="1.0" encoding="UTF-8"?>
<!-- Generated by org.testng.reporters.JUnitReportReporter -->
<testsuite hostname="DESKTOP-T7QCDAB" failures="0" tests="1" name="testing.LoginTest" time="6.370" errors="0" timestamp="2022-03-03T14:19:00 IST" skipped="0">
  <testcase classname="testing.LoginTest" name="login" time="6.370"/>
  <system-out/>
</testsuite> <!-- testing.LoginTest -->
