<?xml version="1.0" encoding="UTF-8"?>
<!-- Generated by org.testng.reporters.JUnitReportReporter -->
<testsuite hostname="DESKTOP-T7QCDAB" failures="0" tests="1" name="Academy.validateNavigationBar" time="1.110" errors="0" timestamp="29 Aug 2022 18:09:36 GMT">
  <testcase classname="Academy.validateNavigationBar" name="basePageNavigation" time="1.110"/>
</testsuite> <!-- Academy.validateNavigationBar -->
