<?xml version="1.0" encoding="UTF-8"?>
<!-- Generated by org.testng.reporters.JUnitReportReporter -->
<testsuite hostname="DESKTOP-T7QCDAB" failures="0" tests="1" name="Academy.validateTitle" time="9.094" errors="0" timestamp="2022-08-30T15:53:50 IST" skipped="0">
  <testcase classname="Academy.validateTitle" name="validateAppTitle" time="9.094"/>
  <system-out/>
</testsuite> <!-- Academy.validateTitle -->
