<?xml version="1.0" encoding="UTF-8"?>
<!-- Generated by org.testng.reporters.JUnitReportReporter -->
<testsuite hostname="DESKTOP-T7QCDAB" failures="0" tests="1" name="Academy.HomePage" time="14.851" errors="0" timestamp="2022-08-26T09:42:36 IST" skipped="0">
  <testcase classname="Academy.HomePage" name="basePageNavigation" time="14.851"/>
  <system-out/>
</testsuite> <!-- Academy.HomePage -->
