<?xml version="1.0" encoding="UTF-8"?>
<!-- Generated by org.testng.reporters.JUnitReportReporter -->
<testsuite hostname="DESKTOP-A1A23U3" failures="0" tests="4" name="SeleniumWebDriver.TestNG3" time="0.048" errors="0" timestamp="2022-08-18T16:55:41 IST" skipped="2">
  <testcase classname="SeleniumWebDriver.TestNG3" name="c" time="0.008"/>
  <system-out/>
  <testcase classname="SeleniumWebDriver.TestNG3" name="a" time="0.031"/>
  <system-out/>
  <testcase classname="SeleniumWebDriver.TestNG3" name="d" time="0.009">
    <skipped/>
  </testcase> <!-- d -->
  <system-out/>
  <testcase classname="SeleniumWebDriver.TestNG3" name="b">
    <skipped/>
  </testcase> <!-- b -->
  <system-out/>
</testsuite> <!-- SeleniumWebDriver.TestNG3 -->
