<?xml version="1.0" encoding="UTF-8"?>
<!-- Generated by org.testng.reporters.JUnitReportReporter -->
<testsuite hostname="DESKTOP-T7QCDAB" failures="0" tests="1" name="annotation.Day2" time="0.004" errors="0" timestamp="2023-01-06T15:41:39 IST" skipped="0">
  <testcase classname="annotation.Day2" name="methode2" time="0.004"/>
  <system-out/>
</testsuite> <!-- annotation.Day2 -->
