<?xml version="1.0" encoding="UTF-8"?>
<!-- Generated by org.testng.reporters.JUnitReportReporter -->
<testsuite hostname="DESKTOP-T7QCDAB" failures="0" tests="1" name="annotation.Day1" time="0.023" errors="0" timestamp="2023-01-06T15:41:39 IST" skipped="0">
  <testcase classname="annotation.Day1" name="demo" time="0.023"/>
  <system-out/>
</testsuite> <!-- annotation.Day1 -->
