<?xml version="1.0" encoding="UTF-8"?>
<!-- Generated by org.testng.reporters.JUnitReportReporter -->
<testsuite hostname="DESKTOP-T7QCDAB" failures="0" tests="3" name="annotation.Day4" time="0.032" errors="0" timestamp="2023-01-06T15:41:39 IST" skipped="0">
  <testcase classname="annotation.Day4" name="loginAPIHomeLoan" time="0.021"/>
  <system-out/>
  <testcase classname="annotation.Day4" name="mobileLoginHomeLoan" time="0.008"/>
  <system-out/>
  <testcase classname="annotation.Day4" name="webLoginHomeLoan" time="0.003"/>
  <system-out/>
</testsuite> <!-- annotation.Day4 -->
