<?xml version="1.0" encoding="UTF-8"?>
<!-- Generated by org.testng.reporters.JUnitReportReporter -->
<testsuite hostname="DESKTOP-T7QCDAB" failures="0" tests="3" name="annotation.Day3" time="0.032" errors="0" timestamp="2023-01-06T15:41:39 IST" skipped="1">
  <testcase classname="annotation.Day3" name="mobileSignOutCarLoan" time="0.020"/>
  <system-out/>
  <testcase classname="annotation.Day3" name="webLoginCarLoan" time="0.012"/>
  <system-out/>
  <testcase classname="annotation.Day3" name="mobileSignInCarLoan">
    <skipped/>
  </testcase> <!-- mobileSignInCarLoan -->
  <system-out/>
</testsuite> <!-- annotation.Day3 -->
