<?xml version="1.0" encoding="UTF-8"?>
<!-- Generated by org.testng.reporters.JUnitReportReporter -->
<testsuite hostname="DESKTOP-T7QCDAB" failures="0" tests="1" name="QRCode" time="17.370" errors="0" timestamp="2022-11-15T17:52:32 IST" skipped="0">
  <testcase classname="QRCode" name="testQRCode" time="17.370"/>
  <system-out/>
</testsuite> <!-- QRCode -->
