<?xml version="1.0" encoding="UTF-8"?>
<!-- Generated by org.testng.reporters.JUnitReportReporter -->
<testsuite hostname="LPT-1255" failures="0" tests="6" name="HelperAnnotations.HelperAnnotations" time="0.024" errors="0" timestamp="2023-01-05T17:51:50 IST" skipped="1">
  <testcase classname="HelperAnnotations.HelperAnnotations" name="Login2" time="0.002"/>
  <system-out/>
  <testcase classname="HelperAnnotations.HelperAnnotations" name="Login5" time="0.003"/>
  <system-out/>
  <testcase classname="HelperAnnotations.HelperAnnotations" name="Login4" time="0.003"/>
  <system-out/>
  <testcase classname="HelperAnnotations.HelperAnnotations" name="Login1" time="0.014"/>
  <system-out/>
  <testcase classname="HelperAnnotations.HelperAnnotations" name="Login6" time="0.002"/>
  <system-out/>
  <testcase classname="HelperAnnotations.HelperAnnotations" name="Login3">
    <skipped/>
  </testcase> <!-- Login3 -->
  <system-out/>
</testsuite> <!-- HelperAnnotations.HelperAnnotations -->
