<?xml version="1.0" encoding="UTF-8"?>
<!-- Generated by org.testng.reporters.JUnitReportReporter -->
<testsuite hostname="DESKTOP-T7QCDAB" failures="0" tests="2" name="Annotations.Login" time="0.038" errors="0" timestamp="2023-07-03T15:05:51 IST" skipped="0">
  <testcase classname="Annotations.Login" name="Login2" time="0.011"/>
  <system-out/>
  <testcase classname="Annotations.Login" name="Login1" time="0.027"/>
  <system-out/>
</testsuite> <!-- Annotations.Login -->
