<?xml version="1.0" encoding="UTF-8"?>
<!-- Generated by org.testng.reporters.JUnitReportReporter -->
<testsuite hostname="LPT-1255" failures="0" tests="1" name="TestNG.TestNG_Include_Exclude" time="0.010" errors="0" timestamp="2023-01-05T13:27:03 IST" skipped="0">
  <testcase classname="TestNG.TestNG_Include_Exclude" name="IncludeExclude1" time="0.010"/>
  <system-out/>
</testsuite> <!-- TestNG.TestNG_Include_Exclude -->
