<?xml version="1.0" encoding="UTF-8"?>
<!-- Generated by org.testng.reporters.JUnitReportReporter -->
<testsuite hostname="LPT-1255" failures="0" tests="6" name="TestNG_Parametrizaton.Parametrization" time="0.022" errors="0" timestamp="2023-01-06T15:35:39 IST" skipped="0">
  <testcase classname="TestNG_Parametrizaton.Parametrization" name="Login4" time="0.002"/>
  <system-out/>
  <testcase classname="TestNG_Parametrizaton.Parametrization" name="Login1" time="0.011"/>
  <system-out/>
  <testcase classname="TestNG_Parametrizaton.Parametrization" name="Login3" time="0.004"/>
  <system-out/>
  <testcase classname="TestNG_Parametrizaton.Parametrization" name="Login5" time="0.001"/>
  <system-out/>
  <testcase classname="TestNG_Parametrizaton.Parametrization" name="Login2" time="0.002"/>
  <system-out/>
  <testcase classname="TestNG_Parametrizaton.Parametrization" name="Login6" time="0.002"/>
  <system-out/>
</testsuite> <!-- TestNG_Parametrizaton.Parametrization -->
