<?xml version="1.0" encoding="UTF-8"?>
<!-- Generated by org.testng.reporters.JUnitReportReporter -->
<testsuite hostname="DESKTOP-T7QCDAB" failures="0" tests="1" name="Annotations.SignUp" time="0.013" errors="0" timestamp="2023-07-03T15:05:51 IST" skipped="0">
  <testcase classname="Annotations.SignUp" name="signup" time="0.013"/>
  <system-out/>
</testsuite> <!-- Annotations.SignUp -->
