<?xml version="1.0" encoding="UTF-8"?>
<!-- Generated by org.testng.reporters.JUnitReportReporter -->
<testsuite hostname="DESKTOP-T7QCDAB" failures="0" tests="3" name="DataProvider.TestClass" time="0.062" errors="0" timestamp="2023-07-10T12:54:28 IST" skipped="0">
  <testcase classname="DataProvider.TestClass" name="dataprovider" time="0.020"/>
  <system-out/>
  <testcase classname="DataProvider.TestClass" name="dataprovider" time="0.031"/>
  <system-out/>
  <testcase classname="DataProvider.TestClass" name="dataprovider" time="0.011"/>
  <system-out/>
</testsuite> <!-- DataProvider.TestClass -->
