<?xml version="1.0" encoding="UTF-8"?>
<!-- Generated by org.testng.reporters.JUnitReportReporter -->
<testsuite hostname="LPT-1255" failures="0" tests="1" name="Grops.SignUp" time="0.001" errors="0" timestamp="2023-01-05T16:52:25 IST" skipped="0">
  <testcase classname="Grops.SignUp" name="signup" time="0.001"/>
  <system-out/>
</testsuite> <!-- Grops.SignUp -->
