<?xml version="1.0" encoding="UTF-8"?>
<!-- Generated by org.testng.reporters.JUnitReportReporter -->
<testsuite hostname="DESKTOP-T7QCDAB" failures="0" tests="1" name="Annotations.HomePage" time="0.011" errors="0" timestamp="2023-07-03T15:05:51 IST" skipped="0">
  <testcase classname="Annotations.HomePage" name="HomePage5" time="0.011"/>
  <system-out/>
</testsuite> <!-- Annotations.HomePage -->
