<?xml version="1.0" encoding="UTF-8"?>
<!-- Generated by org.testng.reporters.JUnitReportReporter -->
<testsuite hostname="LPT-1255" failures="0" tests="1" name="Grops.HomePage" time="0.010" errors="0" timestamp="2023-01-05T16:52:25 IST" skipped="0">
  <testcase classname="Grops.HomePage" name="HomePage5" time="0.010"/>
  <system-out/>
</testsuite> <!-- Grops.HomePage -->
