<?xml version="1.0" encoding="UTF-8"?>
<!-- Generated by org.testng.reporters.JUnitReportReporter -->
<testsuite hostname="LPT-1255" failures="0" tests="4" name="Selenium_Practice.TestNG_Include_Exclude" time="0.013" errors="0" timestamp="2023-01-05T13:07:08 IST" skipped="0">
  <testcase classname="Selenium_Practice.TestNG_Include_Exclude" name="IncludeExclude4" time="0.001"/>
  <system-out/>
  <testcase classname="Selenium_Practice.TestNG_Include_Exclude" name="IncludeExclude2" time="0.001"/>
  <system-out/>
  <testcase classname="Selenium_Practice.TestNG_Include_Exclude" name="IncludeExclude3" time="0.002"/>
  <system-out/>
  <testcase classname="Selenium_Practice.TestNG_Include_Exclude" name="IncludeExclude1" time="0.009"/>
  <system-out/>
</testsuite> <!-- Selenium_Practice.TestNG_Include_Exclude -->
