<?xml version="1.0" encoding="UTF-8"?>
<!-- Generated by org.testng.reporters.JUnitReportReporter -->
<testsuite hostname="DESKTOP-3T8H39B" failures="0" tests="1" name="com.sn.Testcases.IncidentCreateTest" time="207.811" errors="0" timestamp="2022-04-22T13:23:06 IST" skipped="0">
  <testcase classname="com.sn.Testcases.IncidentCreateTest" name="createIncident" time="207.811"/>
  <system-out/>
</testsuite> <!-- com.sn.Testcases.IncidentCreateTest -->
