<?xml version="1.0" encoding="UTF-8"?>
<!-- Generated by org.testng.reporters.JUnitReportReporter -->
<testsuite hostname="DESKTOP-3T8H39B" failures="0" tests="2" name="com.sn.Testcases.HomePageTest" time="140.761" errors="0" timestamp="2022-04-08T12:25:17 IST" skipped="0">
  <testcase classname="com.sn.Testcases.HomePageTest" name="SearchIncident" time="91.206"/>
  <system-out/>
  <testcase classname="com.sn.Testcases.HomePageTest" name="verify" time="49.555"/>
  <system-out/>
</testsuite> <!-- com.sn.Testcases.HomePageTest -->
