<?xml version="1.0" encoding="UTF-8"?>
<!-- Generated by org.testng.reporters.JUnitReportReporter -->
<testsuite hostname="DESKTOP-3T8H39B" failures="0" tests="1" name="com.sn.Testcases.ChildIncidentTest" time="226.061" errors="0" timestamp="2022-04-22T12:54:43 IST" skipped="0">
  <testcase classname="com.sn.Testcases.ChildIncidentTest" name="createchildincident" time="226.061"/>
  <system-out/>
</testsuite> <!-- com.sn.Testcases.ChildIncidentTest -->
